  Editor.cpp
Editor.cpp(35): warning C4244: 'argument': conversion from 'const int' to 'float', possible loss of data
Editor.cpp(37): warning C4244: 'argument': conversion from 'double' to 'float', possible loss of data
Editor.cpp(38): warning C4244: 'argument': conversion from 'const int' to 'float', possible loss of data
Editor.cpp(85): warning C4244: '-=': conversion from 'float' to 'int', possible loss of data
Editor.cpp(107): warning C4244: 'argument': conversion from 'float' to 'int', possible loss of data
Editor.cpp(140): warning C4244: '=': conversion from 'int' to 'float', possible loss of data
Editor.cpp(156): warning C4244: '=': conversion from 'int' to 'float', possible loss of data
Editor.cpp(160): warning C4305: '-=': truncation from 'double' to 'float'
Editor.cpp(166): warning C4305: '+=': truncation from 'double' to 'float'
Editor.cpp(178): warning C4244: '=': conversion from 'float' to 'int', possible loss of data
Editor.cpp(179): warning C4244: '=': conversion from 'float' to 'int', possible loss of data
Editor.cpp(281): warning C4244: 'argument': conversion from 'unsigned int' to 'float', possible loss of data
Editor.cpp(283): warning C4244: 'argument': conversion from 'unsigned int' to 'float', possible loss of data
Editor.cpp(428): warning C4018: '<': signed/unsigned mismatch
Editor.cpp(470): warning C4018: '<': signed/unsigned mismatch
Editor.cpp(622): warning C4244: 'argument': conversion from 'const int' to 'float', possible loss of data
Editor.cpp(623): warning C4244: 'argument': conversion from 'const int' to 'float', possible loss of data
Editor.cpp(624): warning C4244: 'argument': conversion from 'const int' to 'float', possible loss of data
Editor.cpp(646): warning C4018: '<': signed/unsigned mismatch
Editor.cpp(652): warning C4244: 'argument': conversion from 'unsigned int' to 'float', possible loss of data
Editor.cpp(964): warning C4018: '<': signed/unsigned mismatch
  Generating code
  3 of 779 functions ( 0.4%) were compiled, the rest were copied from previous compilation.
    0 functions were new in current compilation
    1 functions had inline decision re-evaluated but remain unchanged
  Finished generating code
  CatBurglarsLevelEditor.vcxproj -> \\hsnas6\StudentHome\2014\a14rasli\Documents\Visual Studio 2015\Projects\CatBurglars-Level-Editor\CatBurglarsLevelEditor\Release\CatBurglarsLevelEditor.exe
