  Editor.cpp
\\hsnas6\studenthome\2014\a14rasli\documents\visual studio 2015\projects\catburglars-level-editor\catburglarsleveleditor\catburglarsleveleditor\editor.cpp(35): warning C4244: 'argument': conversion from 'const int' to 'float', possible loss of data
\\hsnas6\studenthome\2014\a14rasli\documents\visual studio 2015\projects\catburglars-level-editor\catburglarsleveleditor\catburglarsleveleditor\editor.cpp(37): warning C4244: 'argument': conversion from 'double' to 'float', possible loss of data
\\hsnas6\studenthome\2014\a14rasli\documents\visual studio 2015\projects\catburglars-level-editor\catburglarsleveleditor\catburglarsleveleditor\editor.cpp(38): warning C4244: 'argument': conversion from 'const int' to 'float', possible loss of data
\\hsnas6\studenthome\2014\a14rasli\documents\visual studio 2015\projects\catburglars-level-editor\catburglarsleveleditor\catburglarsleveleditor\editor.cpp(85): warning C4244: '-=': conversion from 'float' to 'int', possible loss of data
\\hsnas6\studenthome\2014\a14rasli\documents\visual studio 2015\projects\catburglars-level-editor\catburglarsleveleditor\catburglarsleveleditor\editor.cpp(107): warning C4244: 'argument': conversion from 'float' to 'int', possible loss of data
\\hsnas6\studenthome\2014\a14rasli\documents\visual studio 2015\projects\catburglars-level-editor\catburglarsleveleditor\catburglarsleveleditor\editor.cpp(140): warning C4244: '=': conversion from 'int' to 'float', possible loss of data
\\hsnas6\studenthome\2014\a14rasli\documents\visual studio 2015\projects\catburglars-level-editor\catburglarsleveleditor\catburglarsleveleditor\editor.cpp(156): warning C4244: '=': conversion from 'int' to 'float', possible loss of data
\\hsnas6\studenthome\2014\a14rasli\documents\visual studio 2015\projects\catburglars-level-editor\catburglarsleveleditor\catburglarsleveleditor\editor.cpp(160): warning C4305: '-=': truncation from 'double' to 'float'
\\hsnas6\studenthome\2014\a14rasli\documents\visual studio 2015\projects\catburglars-level-editor\catburglarsleveleditor\catburglarsleveleditor\editor.cpp(166): warning C4305: '+=': truncation from 'double' to 'float'
\\hsnas6\studenthome\2014\a14rasli\documents\visual studio 2015\projects\catburglars-level-editor\catburglarsleveleditor\catburglarsleveleditor\editor.cpp(178): warning C4244: '=': conversion from 'float' to 'int', possible loss of data
\\hsnas6\studenthome\2014\a14rasli\documents\visual studio 2015\projects\catburglars-level-editor\catburglarsleveleditor\catburglarsleveleditor\editor.cpp(179): warning C4244: '=': conversion from 'float' to 'int', possible loss of data
\\hsnas6\studenthome\2014\a14rasli\documents\visual studio 2015\projects\catburglars-level-editor\catburglarsleveleditor\catburglarsleveleditor\editor.cpp(281): warning C4244: 'argument': conversion from 'unsigned int' to 'float', possible loss of data
\\hsnas6\studenthome\2014\a14rasli\documents\visual studio 2015\projects\catburglars-level-editor\catburglarsleveleditor\catburglarsleveleditor\editor.cpp(283): warning C4244: 'argument': conversion from 'unsigned int' to 'float', possible loss of data
\\hsnas6\studenthome\2014\a14rasli\documents\visual studio 2015\projects\catburglars-level-editor\catburglarsleveleditor\catburglarsleveleditor\editor.cpp(428): warning C4018: '<': signed/unsigned mismatch
\\hsnas6\studenthome\2014\a14rasli\documents\visual studio 2015\projects\catburglars-level-editor\catburglarsleveleditor\catburglarsleveleditor\editor.cpp(470): warning C4018: '<': signed/unsigned mismatch
\\hsnas6\studenthome\2014\a14rasli\documents\visual studio 2015\projects\catburglars-level-editor\catburglarsleveleditor\catburglarsleveleditor\editor.cpp(622): warning C4244: 'argument': conversion from 'const int' to 'float', possible loss of data
\\hsnas6\studenthome\2014\a14rasli\documents\visual studio 2015\projects\catburglars-level-editor\catburglarsleveleditor\catburglarsleveleditor\editor.cpp(623): warning C4244: 'argument': conversion from 'const int' to 'float', possible loss of data
\\hsnas6\studenthome\2014\a14rasli\documents\visual studio 2015\projects\catburglars-level-editor\catburglarsleveleditor\catburglarsleveleditor\editor.cpp(624): warning C4244: 'argument': conversion from 'const int' to 'float', possible loss of data
\\hsnas6\studenthome\2014\a14rasli\documents\visual studio 2015\projects\catburglars-level-editor\catburglarsleveleditor\catburglarsleveleditor\editor.cpp(646): warning C4018: '<': signed/unsigned mismatch
\\hsnas6\studenthome\2014\a14rasli\documents\visual studio 2015\projects\catburglars-level-editor\catburglarsleveleditor\catburglarsleveleditor\editor.cpp(652): warning C4244: 'argument': conversion from 'unsigned int' to 'float', possible loss of data
\\hsnas6\studenthome\2014\a14rasli\documents\visual studio 2015\projects\catburglars-level-editor\catburglarsleveleditor\catburglarsleveleditor\editor.cpp(964): warning C4018: '<': signed/unsigned mismatch
  CatBurglarsLevelEditor.vcxproj -> \\hsnas6\StudentHome\2014\a14rasli\Documents\Visual Studio 2015\Projects\CatBurglars-Level-Editor\CatBurglarsLevelEditor\Debug\CatBurglarsLevelEditor.exe
